# JRE version: OpenJDK Runtime Environment Temurin-21.0.11+10 (21.0.11+10) (build 21.0.11+10-LTS)
# Java VM: OpenJDK 64-Bit Server VM Temurin-21.0.11+10 (21.0.11+10-LTS, mixed mode, sharing, tiered, compressed oops, compressed class ptrs, parallel gc, windows-amd64)
GC Precious Log:
 CardTable entry size: 512
 CPUs: 12 total, 12 available
 Memory: 7876M
 Large Page Support: Disabled
 NUMA Support: Disabled
 Compressed Oops: Enabled (32-bit)
 Alignments: Space 512K, Generation 512K, Heap 2M
 Heap Min Capacity: 100M
 Heap Initial Capacity: 100M
 Heap Max Capacity: 2G
 Pre-touch: Disabled
 Parallel Workers: 10
Heap:
 PSYoungGen      total 18944K, used 12989K [0x00000000d5580000, 0x00000000d6f80000, 0x0000000100000000)
  eden space 17408K, 65% used [0x00000000d5580000,0x00000000d60b4c28,0x00000000d6680000)
  from space 1536K, 98% used [0x00000000d6c80000,0x00000000d6dfaaf8,0x00000000d6e00000)
  to   space 4608K, 0% used [0x00000000d6680000,0x00000000d6680000,0x00000000d6b00000)
 ParOldGen       total 68608K, used 64484K [0x0000000080000000, 0x0000000084300000, 0x00000000d5580000)
  object space 68608K, 93% used [0x0000000080000000,0x0000000083ef91e0,0x0000000084300000)
 Metaspace       used 70739K, committed 72320K, reserved 1114112K
  class space    used 7504K, committed 8128K, reserved 1048576K
GC Heap History (20 events):
Event: 1988.189 GC heap before
{Heap before GC invocations=40 (full 3):
 PSYoungGen      total 19968K, used 19852K [0x00000000d5580000, 0x00000000d6d80000, 0x0000000100000000)
  eden space 17408K, 100% used [0x00000000d5580000,0x00000000d6680000,0x00000000d6680000)
  from space 2560K, 95% used [0x00000000d6b00000,0x00000000d6d63250,0x00000000d6d80000)
  to   space 3072K, 0% used [0x00000000d6780000,0x00000000d6780000,0x00000000d6a80000)
 ParOldGen       total 68608K, used 44776K [0x0000000080000000, 0x0000000084300000, 0x00000000d5580000)
  object space 68608K, 65% used [0x0000000080000000,0x0000000082bba198,0x0000000084300000)
 Metaspace       used 64868K, committed 66368K, reserved 1114112K
  class space    used 7003K, committed 7616K, reserved 1048576K
}
Event: 1988.194 GC heap after
{Heap after GC invocations=40 (full 3):
 PSYoungGen      total 18432K, used 608K [0x00000000d5580000, 0x00000000d6b80000, 0x0000000100000000)
  eden space 17408K, 0% used [0x00000000d5580000,0x00000000d5580000,0x00000000d6680000)
  from space 1024K, 59% used [0x00000000d6780000,0x00000000d6818000,0x00000000d6880000)
  to   space 1536K, 0% used [0x00000000d6a00000,0x00000000d6a00000,0x00000000d6b80000)
 ParOldGen       total 68608K, used 47026K [0x0000000080000000, 0x0000000084300000, 0x00000000d5580000)
  object space 68608K, 68% used [0x0000000080000000,0x0000000082decbd0,0x0000000084300000)
 Metaspace       used 64868K, committed 66368K, reserved 1114112K
  class space    used 7003K, committed 7616K, reserved 1048576K
}
Event: 1989.589 GC heap before
{Heap before GC invocations=41 (full 3):
 PSYoungGen      total 18432K, used 18016K [0x00000000d5580000, 0x00000000d6b80000, 0x0000000100000000)
  eden space 17408K, 100% used [0x00000000d5580000,0x00000000d6680000,0x00000000d6680000)
  from space 1024K, 59% used [0x00000000d6780000,0x00000000d6818000,0x00000000d6880000)
  to   space 1536K, 0% used [0x00000000d6a00000,0x00000000d6a00000,0x00000000d6b80000)
 ParOldGen       total 68608K, used 47026K [0x0000000080000000, 0x0000000084300000, 0x00000000d5580000)
  object space 68608K, 68% used [0x0000000080000000,0x0000000082decbd0,0x0000000084300000)
 Metaspace       used 66157K, committed 67712K, reserved 1114112K
  class space    used 7155K, committed 7808K, reserved 1048576K
}
Event: 1989.600 GC heap after
{Heap after GC invocations=41 (full 3):
 PSYoungGen      total 18944K, used 1532K [0x00000000d5580000, 0x00000000d6b80000, 0x0000000100000000)
  eden space 17408K, 0% used [0x00000000d5580000,0x00000000d5580000,0x00000000d6680000)
  from space 1536K, 99% used [0x00000000d6a00000,0x00000000d6b7f048,0x00000000d6b80000)
  to   space 2560K, 0% used [0x00000000d6680000,0x00000000d6680000,0x00000000d6900000)
 ParOldGen       total 68608K, used 47534K [0x0000000080000000, 0x0000000084300000, 0x00000000d5580000)
  object space 68608K, 69% used [0x0000000080000000,0x0000000082e6ba30,0x0000000084300000)
 Metaspace       used 66157K, committed 67712K, reserved 1114112K
  class space    used 7155K, committed 7808K, reserved 1048576K
}
Event: 1990.961 GC heap before
{Heap before GC invocations=42 (full 3):
 PSYoungGen      total 18944K, used 18940K [0x00000000d5580000, 0x00000000d6b80000, 0x0000000100000000)
  eden space 17408K, 100% used [0x00000000d5580000,0x00000000d6680000,0x00000000d6680000)
  from space 1536K, 99% used [0x00000000d6a00000,0x00000000d6b7f048,0x00000000d6b80000)
  to   space 2560K, 0% used [0x00000000d6680000,0x00000000d6680000,0x00000000d6900000)
 ParOldGen       total 68608K, used 47534K [0x0000000080000000, 0x0000000084300000, 0x00000000d5580000)
  object space 68608K, 69% used [0x0000000080000000,0x0000000082e6ba30,0x0000000084300000)
 Metaspace       used 67322K, committed 68800K, reserved 1114112K
  class space    used 7270K, committed 7872K, reserved 1048576K
}
Event: 1990.967 GC heap after
{Heap after GC invocations=42 (full 3):
 PSYoungGen      total 19968K, used 2416K [0x00000000d5580000, 0x00000000d6b80000, 0x0000000100000000)
  eden space 17408K, 0% used [0x00000000d5580000,0x00000000d5580000,0x00000000d6680000)
  from space 2560K, 94% used [0x00000000d6680000,0x00000000d68dc030,0x00000000d6900000)
  to   space 2560K, 0% used [0x00000000d6900000,0x00000000d6900000,0x00000000d6b80000)
 ParOldGen       total 68608K, used 48650K [0x0000000080000000, 0x0000000084300000, 0x00000000d5580000)
  object space 68608K, 70% used [0x0000000080000000,0x0000000082f82a80,0x0000000084300000)
 Metaspace       used 67322K, committed 68800K, reserved 1114112K
  class space    used 7270K, committed 7872K, reserved 1048576K
}
Event: 2076.362 GC heap before
{Heap before GC invocations=43 (full 3):
 PSYoungGen      total 19968K, used 19824K [0x00000000d5580000, 0x00000000d6b80000, 0x0000000100000000)
  eden space 17408K, 100% used [0x00000000d5580000,0x00000000d6680000,0x00000000d6680000)
  from space 2560K, 94% used [0x00000000d6680000,0x00000000d68dc030,0x00000000d6900000)
  to   space 2560K, 0% used [0x00000000d6900000,0x00000000d6900000,0x00000000d6b80000)
 ParOldGen       total 68608K, used 48650K [0x0000000080000000, 0x0000000084300000, 0x00000000d5580000)
  object space 68608K, 70% used [0x0000000080000000,0x0000000082f82a80,0x0000000084300000)
 Metaspace       used 68505K, committed 70080K, reserved 1114112K
  class space    used 7380K, committed 8000K, reserved 1048576K
}
Event: 2076.367 GC heap after
{Heap after GC invocations=43 (full 3):
 PSYoungGen      total 18432K, used 670K [0x00000000d5580000, 0x00000000d6a00000, 0x0000000100000000)
  eden space 17408K, 0% used [0x00000000d5580000,0x00000000d5580000,0x00000000d6680000)
  from space 1024K, 65% used [0x00000000d6900000,0x00000000d69a79f8,0x00000000d6a00000)
  to   space 1536K, 0% used [0x00000000d6700000,0x00000000d6700000,0x00000000d6880000)
 ParOldGen       total 68608K, used 49911K [0x0000000080000000, 0x0000000084300000, 0x00000000d5580000)
  object space 68608K, 72% used [0x0000000080000000,0x00000000830bdd60,0x0000000084300000)
 Metaspace       used 68505K, committed 70080K, reserved 1114112K
  class space    used 7380K, committed 8000K, reserved 1048576K
}
Event: 2079.402 GC heap before
{Heap before GC invocations=44 (full 3):
 PSYoungGen      total 18432K, used 18042K [0x00000000d5580000, 0x00000000d6a00000, 0x0000000100000000)
  eden space 17408K, 99% used [0x00000000d5580000,0x00000000d66770f8,0x00000000d6680000)
  from space 1024K, 65% used [0x00000000d6900000,0x00000000d69a79f8,0x00000000d6a00000)
  to   space 1536K, 0% used [0x00000000d6700000,0x00000000d6700000,0x00000000d6880000)
 ParOldGen       total 68608K, used 49911K [0x0000000080000000, 0x0000000084300000, 0x00000000d5580000)
  object space 68608K, 72% used [0x0000000080000000,0x00000000830bdd60,0x0000000084300000)
 Metaspace       used 69231K, committed 70912K, reserved 1114112K
  class space    used 7454K, committed 8128K, reserved 1048576K
}
Event: 2079.412 GC heap after
{Heap after GC invocations=44 (full 3):
 PSYoungGen      total 18944K, used 1516K [0x00000000d5580000, 0x00000000d7780000, 0x0000000100000000)
  eden space 17408K, 0% used [0x00000000d5580000,0x00000000d5580000,0x00000000d6680000)
  from space 1536K, 98% used [0x00000000d6700000,0x00000000d687b1c0,0x00000000d6880000)
  to   space 8704K, 0% used [0x00000000d6f00000,0x00000000d6f00000,0x00000000d7780000)
 ParOldGen       total 68608K, used 55556K [0x0000000080000000, 0x0000000084300000, 0x00000000d5580000)
  object space 68608K, 80% used [0x0000000080000000,0x00000000836411e8,0x0000000084300000)
 Metaspace       used 69231K, committed 70912K, reserved 1114112K
  class space    used 7454K, committed 8128K, reserved 1048576K
}
Event: 2093.967 GC heap before
{Heap before GC invocations=45 (full 3):
 PSYoungGen      total 18944K, used 18870K [0x00000000d5580000, 0x00000000d7780000, 0x0000000100000000)
  eden space 17408K, 99% used [0x00000000d5580000,0x00000000d6672718,0x00000000d6680000)
  from space 1536K, 98% used [0x00000000d6700000,0x00000000d687b1c0,0x00000000d6880000)
  to   space 8704K, 0% used [0x00000000d6f00000,0x00000000d6f00000,0x00000000d7780000)
 ParOldGen       total 68608K, used 55556K [0x0000000080000000, 0x0000000084300000, 0x00000000d5580000)
  object space 68608K, 80% used [0x0000000080000000,0x00000000836411e8,0x0000000084300000)
 Metaspace       used 69714K, committed 71360K, reserved 1114112K
  class space    used 7467K, committed 8128K, reserved 1048576K
}
Event: 2093.972 GC heap after
{Heap after GC invocations=45 (full 3):
 PSYoungGen      total 22016K, used 4543K [0x00000000d5580000, 0x00000000d7380000, 0x0000000100000000)
  eden space 17408K, 0% used [0x00000000d5580000,0x00000000d5580000,0x00000000d6680000)
  from space 4608K, 98% used [0x00000000d6f00000,0x00000000d736fe60,0x00000000d7380000)
  to   space 5632K, 0% used [0x00000000d6880000,0x00000000d6880000,0x00000000d6e00000)
 ParOldGen       total 68608K, used 55929K [0x0000000080000000, 0x0000000084300000, 0x00000000d5580000)
  object space 68608K, 81% used [0x0000000080000000,0x000000008369e7f0,0x0000000084300000)
 Metaspace       used 69714K, committed 71360K, reserved 1114112K
  class space    used 7467K, committed 8128K, reserved 1048576K
}
Event: 2095.232 GC heap before
{Heap before GC invocations=46 (full 3):
 PSYoungGen      total 22016K, used 21951K [0x00000000d5580000, 0x00000000d7380000, 0x0000000100000000)
  eden space 17408K, 100% used [0x00000000d5580000,0x00000000d6680000,0x00000000d6680000)
  from space 4608K, 98% used [0x00000000d6f00000,0x00000000d736fe60,0x00000000d7380000)
  to   space 5632K, 0% used [0x00000000d6880000,0x00000000d6880000,0x00000000d6e00000)
 ParOldGen       total 68608K, used 55929K [0x0000000080000000, 0x0000000084300000, 0x00000000d5580000)
  object space 68608K, 81% used [0x0000000080000000,0x000000008369e7f0,0x0000000084300000)
 Metaspace       used 69792K, committed 71424K, reserved 1114112K
  class space    used 7467K, committed 8128K, reserved 1048576K
}
Event: 2095.237 GC heap after
{Heap after GC invocations=46 (full 3):
 PSYoungGen      total 17920K, used 288K [0x00000000d5580000, 0x00000000d6f80000, 0x0000000100000000)
  eden space 17408K, 0% used [0x00000000d5580000,0x00000000d5580000,0x00000000d6680000)
  from space 512K, 56% used [0x00000000d6880000,0x00000000d68c8000,0x00000000d6900000)
  to   space 2048K, 0% used [0x00000000d6d80000,0x00000000d6d80000,0x00000000d6f80000)
 ParOldGen       total 68608K, used 60080K [0x0000000080000000, 0x0000000084300000, 0x00000000d5580000)
  object space 68608K, 87% used [0x0000000080000000,0x0000000083aac2e0,0x0000000084300000)
 Metaspace       used 69792K, committed 71424K, reserved 1114112K
  class space    used 7467K, committed 8128K, reserved 1048576K
}
Event: 2097.433 GC heap before
{Heap before GC invocations=47 (full 3):
 PSYoungGen      total 17920K, used 17696K [0x00000000d5580000, 0x00000000d6f80000, 0x0000000100000000)
  eden space 17408K, 100% used [0x00000000d5580000,0x00000000d6680000,0x00000000d6680000)
  from space 512K, 56% used [0x00000000d6880000,0x00000000d68c8000,0x00000000d6900000)
  to   space 2048K, 0% used [0x00000000d6d80000,0x00000000d6d80000,0x00000000d6f80000)
 ParOldGen       total 68608K, used 60080K [0x0000000080000000, 0x0000000084300000, 0x00000000d5580000)
  object space 68608K, 87% used [0x0000000080000000,0x0000000083aac2e0,0x0000000084300000)
 Metaspace       used 70077K, committed 71680K, reserved 1114112K
  class space    used 7473K, committed 8128K, reserved 1048576K
}
Event: 2097.437 GC heap after
{Heap after GC invocations=47 (full 3):
 PSYoungGen      total 19456K, used 2029K [0x00000000d5580000, 0x00000000d6f80000, 0x0000000100000000)
  eden space 17408K, 0% used [0x00000000d5580000,0x00000000d5580000,0x00000000d6680000)
  from space 2048K, 99% used [0x00000000d6d80000,0x00000000d6f7b7d0,0x00000000d6f80000)
  to   space 4608K, 0% used [0x00000000d6680000,0x00000000d6680000,0x00000000d6b00000)
 ParOldGen       total 68608K, used 61696K [0x0000000080000000, 0x0000000084300000, 0x00000000d5580000)
  object space 68608K, 89% used [0x0000000080000000,0x0000000083c402e0,0x0000000084300000)
 Metaspace       used 70077K, committed 71680K, reserved 1114112K
  class space    used 7473K, committed 8128K, reserved 1048576K
}
Event: 2097.678 GC heap before
{Heap before GC invocations=48 (full 3):
 PSYoungGen      total 19456K, used 19437K [0x00000000d5580000, 0x00000000d6f80000, 0x0000000100000000)
  eden space 17408K, 100% used [0x00000000d5580000,0x00000000d6680000,0x00000000d6680000)
  from space 2048K, 99% used [0x00000000d6d80000,0x00000000d6f7b7d0,0x00000000d6f80000)
  to   space 4608K, 0% used [0x00000000d6680000,0x00000000d6680000,0x00000000d6b00000)
 ParOldGen       total 68608K, used 61696K [0x0000000080000000, 0x0000000084300000, 0x00000000d5580000)
  object space 68608K, 89% used [0x0000000080000000,0x0000000083c402e0,0x0000000084300000)
 Metaspace       used 70221K, committed 71872K, reserved 1114112K
  class space    used 7476K, committed 8128K, reserved 1048576K
}
Event: 2097.680 GC heap after
{Heap after GC invocations=48 (full 3):
 PSYoungGen      total 22016K, used 320K [0x00000000d5580000, 0x00000000d6e00000, 0x0000000100000000)
  eden space 17408K, 0% used [0x00000000d5580000,0x00000000d5580000,0x00000000d6680000)
  from space 4608K, 6% used [0x00000000d6680000,0x00000000d66d0000,0x00000000d6b00000)
  to   space 1536K, 0% used [0x00000000d6c80000,0x00000000d6c80000,0x00000000d6e00000)
 ParOldGen       total 68608K, used 62109K [0x0000000080000000, 0x0000000084300000, 0x00000000d5580000)
  object space 68608K, 90% used [0x0000000080000000,0x0000000083ca7790,0x0000000084300000)
 Metaspace       used 70221K, committed 71872K, reserved 1114112K
  class space    used 7476K, committed 8128K, reserved 1048576K
}
Event: 2225.798 GC heap before
{Heap before GC invocations=49 (full 3):
 PSYoungGen      total 22016K, used 17728K [0x00000000d5580000, 0x00000000d6e00000, 0x0000000100000000)
  eden space 17408K, 100% used [0x00000000d5580000,0x00000000d6680000,0x00000000d6680000)
  from space 4608K, 6% used [0x00000000d6680000,0x00000000d66d0000,0x00000000d6b00000)
  to   space 1536K, 0% used [0x00000000d6c80000,0x00000000d6c80000,0x00000000d6e00000)
 ParOldGen       total 68608K, used 62109K [0x0000000080000000, 0x0000000084300000, 0x00000000d5580000)
  object space 68608K, 90% used [0x0000000080000000,0x0000000083ca7790,0x0000000084300000)
 Metaspace       used 70315K, committed 71936K, reserved 1114112K
  class space    used 7477K, committed 8128K, reserved 1048576K
}
Event: 2225.810 GC heap after
{Heap after GC invocations=49 (full 3):
 PSYoungGen      total 18944K, used 1514K [0x00000000d5580000, 0x00000000d6f80000, 0x0000000100000000)
  eden space 17408K, 0% used [0x00000000d5580000,0x00000000d5580000,0x00000000d6680000)
  from space 1536K, 98% used [0x00000000d6c80000,0x00000000d6dfaaf8,0x00000000d6e00000)
  to   space 4608K, 0% used [0x00000000d6680000,0x00000000d6680000,0x00000000d6b00000)
 ParOldGen       total 68608K, used 64484K [0x0000000080000000, 0x0000000084300000, 0x00000000d5580000)
  object space 68608K, 93% used [0x0000000080000000,0x0000000083ef91e0,0x0000000084300000)
 Metaspace       used 70315K, committed 71936K, reserved 1114112K
  class space    used 7477K, committed 8128K, reserved 1048576K
}

