# JRE version: OpenJDK Runtime Environment Temurin-21.0.11+10 (21.0.11+10) (build 21.0.11+10-LTS)
# Java VM: OpenJDK 64-Bit Server VM Temurin-21.0.11+10 (21.0.11+10-LTS, mixed mode, sharing, tiered, compressed oops, compressed class ptrs, parallel gc, windows-amd64)
GC Precious Log:
 CardTable entry size: 512
 CPUs: 8 total, 8 available
 Memory: 16118M
 Large Page Support: Disabled
 NUMA Support: Disabled
 Compressed Oops: Enabled (32-bit)
 Alignments: Space 512K, Generation 512K, Heap 2M
 Heap Min Capacity: 100M
 Heap Initial Capacity: 100M
 Heap Max Capacity: 2G
 Pre-touch: Disabled
 Parallel Workers: 8
Heap:
 PSYoungGen      total 6656K, used 5438K [0x00000000d5580000, 0x00000000d5e00000, 0x0000000100000000)
  eden space 5120K, 83% used [0x00000000d5580000,0x00000000d59ac348,0x00000000d5a80000)
  from space 1536K, 76% used [0x00000000d5c80000,0x00000000d5da41d8,0x00000000d5e00000)
  to   space 1536K, 0% used [0x00000000d5b00000,0x00000000d5b00000,0x00000000d5c80000)
 ParOldGen       total 180224K, used 169851K [0x0000000080000000, 0x000000008b000000, 0x00000000d5580000)
  object space 180224K, 94% used [0x0000000080000000,0x000000008a5deff8,0x000000008b000000)
 Metaspace       used 60471K, committed 61952K, reserved 1114112K
  class space    used 6663K, committed 7296K, reserved 1048576K
GC Heap History (20 events):
Event: 61.757 GC heap before
{Heap before GC invocations=89 (full 3):
 PSYoungGen      total 8704K, used 6656K [0x00000000d5580000, 0x00000000d6000000, 0x0000000100000000)
  eden space 6656K, 100% used [0x00000000d5580000,0x00000000d5c00000,0x00000000d5c00000)
  from space 2048K, 0% used [0x00000000d5d00000,0x00000000d5d00000,0x00000000d5f00000)
  to   space 1024K, 0% used [0x00000000d5f00000,0x00000000d5f00000,0x00000000d6000000)
 ParOldGen       total 180224K, used 158609K [0x0000000080000000, 0x000000008b000000, 0x00000000d5580000)
  object space 180224K, 88% used [0x0000000080000000,0x0000000089ae47e8,0x000000008b000000)
 Metaspace       used 59209K, committed 60544K, reserved 1114112K
  class space    used 6514K, committed 7104K, reserved 1048576K
}
Event: 61.757 GC heap after
{Heap after GC invocations=89 (full 3):
 PSYoungGen      total 7680K, used 1010K [0x00000000d5580000, 0x00000000d6000000, 0x0000000100000000)
  eden space 6656K, 0% used [0x00000000d5580000,0x00000000d5580000,0x00000000d5c00000)
  from space 1024K, 98% used [0x00000000d5f00000,0x00000000d5ffc8b8,0x00000000d6000000)
  to   space 2048K, 0% used [0x00000000d5c00000,0x00000000d5c00000,0x00000000d5e00000)
 ParOldGen       total 180224K, used 159096K [0x0000000080000000, 0x000000008b000000, 0x00000000d5580000)
  object space 180224K, 88% used [0x0000000080000000,0x0000000089b5e2c0,0x000000008b000000)
 Metaspace       used 59209K, committed 60544K, reserved 1114112K
  class space    used 6514K, committed 7104K, reserved 1048576K
}
Event: 61.844 GC heap before
{Heap before GC invocations=90 (full 3):
 PSYoungGen      total 7680K, used 7666K [0x00000000d5580000, 0x00000000d6000000, 0x0000000100000000)
  eden space 6656K, 100% used [0x00000000d5580000,0x00000000d5c00000,0x00000000d5c00000)
  from space 1024K, 98% used [0x00000000d5f00000,0x00000000d5ffc8b8,0x00000000d6000000)
  to   space 2048K, 0% used [0x00000000d5c00000,0x00000000d5c00000,0x00000000d5e00000)
 ParOldGen       total 180224K, used 159096K [0x0000000080000000, 0x000000008b000000, 0x00000000d5580000)
  object space 180224K, 88% used [0x0000000080000000,0x0000000089b5e2c0,0x000000008b000000)
 Metaspace       used 59278K, committed 60608K, reserved 1114112K
  class space    used 6522K, committed 7104K, reserved 1048576K
}
Event: 61.845 GC heap after
{Heap after GC invocations=90 (full 3):
 PSYoungGen      total 8704K, used 1458K [0x00000000d5580000, 0x00000000d5f80000, 0x0000000100000000)
  eden space 6656K, 0% used [0x00000000d5580000,0x00000000d5580000,0x00000000d5c00000)
  from space 2048K, 71% used [0x00000000d5c00000,0x00000000d5d6cbc8,0x00000000d5e00000)
  to   space 1536K, 0% used [0x00000000d5e00000,0x00000000d5e00000,0x00000000d5f80000)
 ParOldGen       total 180224K, used 159936K [0x0000000080000000, 0x000000008b000000, 0x00000000d5580000)
  object space 180224K, 88% used [0x0000000080000000,0x0000000089c30298,0x000000008b000000)
 Metaspace       used 59278K, committed 60608K, reserved 1114112K
  class space    used 6522K, committed 7104K, reserved 1048576K
}
Event: 61.866 GC heap before
{Heap before GC invocations=91 (full 3):
 PSYoungGen      total 8704K, used 8114K [0x00000000d5580000, 0x00000000d5f80000, 0x0000000100000000)
  eden space 6656K, 100% used [0x00000000d5580000,0x00000000d5c00000,0x00000000d5c00000)
  from space 2048K, 71% used [0x00000000d5c00000,0x00000000d5d6cbc8,0x00000000d5e00000)
  to   space 1536K, 0% used [0x00000000d5e00000,0x00000000d5e00000,0x00000000d5f80000)
 ParOldGen       total 180224K, used 159936K [0x0000000080000000, 0x000000008b000000, 0x00000000d5580000)
  object space 180224K, 88% used [0x0000000080000000,0x0000000089c30298,0x000000008b000000)
 Metaspace       used 59357K, committed 60672K, reserved 1114112K
  class space    used 6528K, committed 7104K, reserved 1048576K
}
Event: 61.867 GC heap after
{Heap after GC invocations=91 (full 3):
 PSYoungGen      total 6656K, used 1526K [0x00000000d5580000, 0x00000000d6300000, 0x0000000100000000)
  eden space 5120K, 0% used [0x00000000d5580000,0x00000000d5580000,0x00000000d5a80000)
  from space 1536K, 99% used [0x00000000d5e00000,0x00000000d5f7d860,0x00000000d5f80000)
  to   space 3584K, 0% used [0x00000000d5a80000,0x00000000d5a80000,0x00000000d5e00000)
 ParOldGen       total 180224K, used 161312K [0x0000000080000000, 0x000000008b000000, 0x00000000d5580000)
  object space 180224K, 89% used [0x0000000080000000,0x0000000089d883e0,0x000000008b000000)
 Metaspace       used 59357K, committed 60672K, reserved 1114112K
  class space    used 6528K, committed 7104K, reserved 1048576K
}
Event: 61.878 GC heap before
{Heap before GC invocations=92 (full 3):
 PSYoungGen      total 6656K, used 6646K [0x00000000d5580000, 0x00000000d6300000, 0x0000000100000000)
  eden space 5120K, 100% used [0x00000000d5580000,0x00000000d5a80000,0x00000000d5a80000)
  from space 1536K, 99% used [0x00000000d5e00000,0x00000000d5f7d860,0x00000000d5f80000)
  to   space 3584K, 0% used [0x00000000d5a80000,0x00000000d5a80000,0x00000000d5e00000)
 ParOldGen       total 180224K, used 161312K [0x0000000080000000, 0x000000008b000000, 0x00000000d5580000)
  object space 180224K, 89% used [0x0000000080000000,0x0000000089d883e0,0x000000008b000000)
 Metaspace       used 59412K, committed 60736K, reserved 1114112K
  class space    used 6545K, committed 7168K, reserved 1048576K
}
Event: 61.879 GC heap after
{Heap after GC invocations=92 (full 3):
 PSYoungGen      total 6656K, used 1478K [0x00000000d5580000, 0x00000000d5e80000, 0x0000000100000000)
  eden space 5120K, 0% used [0x00000000d5580000,0x00000000d5580000,0x00000000d5a80000)
  from space 1536K, 96% used [0x00000000d5a80000,0x00000000d5bf1980,0x00000000d5c00000)
  to   space 2048K, 0% used [0x00000000d5c80000,0x00000000d5c80000,0x00000000d5e80000)
 ParOldGen       total 180224K, used 162758K [0x0000000080000000, 0x000000008b000000, 0x00000000d5580000)
  object space 180224K, 90% used [0x0000000080000000,0x0000000089ef1818,0x000000008b000000)
 Metaspace       used 59412K, committed 60736K, reserved 1114112K
  class space    used 6545K, committed 7168K, reserved 1048576K
}
Event: 61.890 GC heap before
{Heap before GC invocations=93 (full 3):
 PSYoungGen      total 6656K, used 6598K [0x00000000d5580000, 0x00000000d5e80000, 0x0000000100000000)
  eden space 5120K, 100% used [0x00000000d5580000,0x00000000d5a80000,0x00000000d5a80000)
  from space 1536K, 96% used [0x00000000d5a80000,0x00000000d5bf1980,0x00000000d5c00000)
  to   space 2048K, 0% used [0x00000000d5c80000,0x00000000d5c80000,0x00000000d5e80000)
 ParOldGen       total 180224K, used 162758K [0x0000000080000000, 0x000000008b000000, 0x00000000d5580000)
  object space 180224K, 90% used [0x0000000080000000,0x0000000089ef1818,0x000000008b000000)
 Metaspace       used 59496K, committed 60864K, reserved 1114112K
  class space    used 6554K, committed 7168K, reserved 1048576K
}
Event: 61.891 GC heap after
{Heap after GC invocations=93 (full 3):
 PSYoungGen      total 7168K, used 1837K [0x00000000d5580000, 0x00000000d5e80000, 0x0000000100000000)
  eden space 5120K, 0% used [0x00000000d5580000,0x00000000d5580000,0x00000000d5a80000)
  from space 2048K, 89% used [0x00000000d5c80000,0x00000000d5e4b6f8,0x00000000d5e80000)
  to   space 2048K, 0% used [0x00000000d5a80000,0x00000000d5a80000,0x00000000d5c80000)
 ParOldGen       total 180224K, used 163730K [0x0000000080000000, 0x000000008b000000, 0x00000000d5580000)
  object space 180224K, 90% used [0x0000000080000000,0x0000000089fe4878,0x000000008b000000)
 Metaspace       used 59496K, committed 60864K, reserved 1114112K
  class space    used 6554K, committed 7168K, reserved 1048576K
}
Event: 61.910 GC heap before
{Heap before GC invocations=94 (full 3):
 PSYoungGen      total 7168K, used 6957K [0x00000000d5580000, 0x00000000d5e80000, 0x0000000100000000)
  eden space 5120K, 99% used [0x00000000d5580000,0x00000000d5a7fea0,0x00000000d5a80000)
  from space 2048K, 89% used [0x00000000d5c80000,0x00000000d5e4b6f8,0x00000000d5e80000)
  to   space 2048K, 0% used [0x00000000d5a80000,0x00000000d5a80000,0x00000000d5c80000)
 ParOldGen       total 180224K, used 163730K [0x0000000080000000, 0x000000008b000000, 0x00000000d5580000)
  object space 180224K, 90% used [0x0000000080000000,0x0000000089fe4878,0x000000008b000000)
 Metaspace       used 59596K, committed 60928K, reserved 1114112K
  class space    used 6574K, committed 7168K, reserved 1048576K
}
Event: 61.913 GC heap after
{Heap after GC invocations=94 (full 3):
 PSYoungGen      total 6656K, used 1183K [0x00000000d5580000, 0x00000000d5d80000, 0x0000000100000000)
  eden space 5120K, 0% used [0x00000000d5580000,0x00000000d5580000,0x00000000d5a80000)
  from space 1536K, 77% used [0x00000000d5a80000,0x00000000d5ba7e40,0x00000000d5c00000)
  to   space 1536K, 0% used [0x00000000d5c00000,0x00000000d5c00000,0x00000000d5d80000)
 ParOldGen       total 180224K, used 165459K [0x0000000080000000, 0x000000008b000000, 0x00000000d5580000)
  object space 180224K, 91% used [0x0000000080000000,0x000000008a194e48,0x000000008b000000)
 Metaspace       used 59596K, committed 60928K, reserved 1114112K
  class space    used 6574K, committed 7168K, reserved 1048576K
}
Event: 61.944 GC heap before
{Heap before GC invocations=95 (full 3):
 PSYoungGen      total 6656K, used 6303K [0x00000000d5580000, 0x00000000d5d80000, 0x0000000100000000)
  eden space 5120K, 100% used [0x00000000d5580000,0x00000000d5a80000,0x00000000d5a80000)
  from space 1536K, 77% used [0x00000000d5a80000,0x00000000d5ba7e40,0x00000000d5c00000)
  to   space 1536K, 0% used [0x00000000d5c00000,0x00000000d5c00000,0x00000000d5d80000)
 ParOldGen       total 180224K, used 165459K [0x0000000080000000, 0x000000008b000000, 0x00000000d5580000)
  object space 180224K, 91% used [0x0000000080000000,0x000000008a194e48,0x000000008b000000)
 Metaspace       used 59814K, committed 61184K, reserved 1114112K
  class space    used 6587K, committed 7168K, reserved 1048576K
}
Event: 61.945 GC heap after
{Heap after GC invocations=95 (full 3):
 PSYoungGen      total 6656K, used 1105K [0x00000000d5580000, 0x00000000d5d80000, 0x0000000100000000)
  eden space 5120K, 0% used [0x00000000d5580000,0x00000000d5580000,0x00000000d5a80000)
  from space 1536K, 71% used [0x00000000d5c00000,0x00000000d5d145b8,0x00000000d5d80000)
  to   space 1536K, 0% used [0x00000000d5a80000,0x00000000d5a80000,0x00000000d5c00000)
 ParOldGen       total 180224K, used 166401K [0x0000000080000000, 0x000000008b000000, 0x00000000d5580000)
  object space 180224K, 92% used [0x0000000080000000,0x000000008a2807d8,0x000000008b000000)
 Metaspace       used 59814K, committed 61184K, reserved 1114112K
  class space    used 6587K, committed 7168K, reserved 1048576K
}
Event: 61.962 GC heap before
{Heap before GC invocations=96 (full 3):
 PSYoungGen      total 6656K, used 6225K [0x00000000d5580000, 0x00000000d5d80000, 0x0000000100000000)
  eden space 5120K, 100% used [0x00000000d5580000,0x00000000d5a80000,0x00000000d5a80000)
  from space 1536K, 71% used [0x00000000d5c00000,0x00000000d5d145b8,0x00000000d5d80000)
  to   space 1536K, 0% used [0x00000000d5a80000,0x00000000d5a80000,0x00000000d5c00000)
 ParOldGen       total 180224K, used 166401K [0x0000000080000000, 0x000000008b000000, 0x00000000d5580000)
  object space 180224K, 92% used [0x0000000080000000,0x000000008a2807d8,0x000000008b000000)
 Metaspace       used 59940K, committed 61376K, reserved 1114112K
  class space    used 6604K, committed 7232K, reserved 1048576K
}
Event: 61.964 GC heap after
{Heap after GC invocations=96 (full 3):
 PSYoungGen      total 6656K, used 1185K [0x00000000d5580000, 0x00000000d5d80000, 0x0000000100000000)
  eden space 5120K, 0% used [0x00000000d5580000,0x00000000d5580000,0x00000000d5a80000)
  from space 1536K, 77% used [0x00000000d5a80000,0x00000000d5ba85a8,0x00000000d5c00000)
  to   space 1536K, 0% used [0x00000000d5c00000,0x00000000d5c00000,0x00000000d5d80000)
 ParOldGen       total 180224K, used 167305K [0x0000000080000000, 0x000000008b000000, 0x00000000d5580000)
  object space 180224K, 92% used [0x0000000080000000,0x000000008a362618,0x000000008b000000)
 Metaspace       used 59940K, committed 61376K, reserved 1114112K
  class space    used 6604K, committed 7232K, reserved 1048576K
}
Event: 62.023 GC heap before
{Heap before GC invocations=97 (full 3):
 PSYoungGen      total 6656K, used 6305K [0x00000000d5580000, 0x00000000d5d80000, 0x0000000100000000)
  eden space 5120K, 100% used [0x00000000d5580000,0x00000000d5a80000,0x00000000d5a80000)
  from space 1536K, 77% used [0x00000000d5a80000,0x00000000d5ba85a8,0x00000000d5c00000)
  to   space 1536K, 0% used [0x00000000d5c00000,0x00000000d5c00000,0x00000000d5d80000)
 ParOldGen       total 180224K, used 167305K [0x0000000080000000, 0x000000008b000000, 0x00000000d5580000)
  object space 180224K, 92% used [0x0000000080000000,0x000000008a362618,0x000000008b000000)
 Metaspace       used 60225K, committed 61696K, reserved 1114112K
  class space    used 6637K, committed 7296K, reserved 1048576K
}
Event: 62.026 GC heap after
{Heap after GC invocations=97 (full 3):
 PSYoungGen      total 6144K, used 737K [0x00000000d5580000, 0x00000000d5d00000, 0x0000000100000000)
  eden space 5120K, 0% used [0x00000000d5580000,0x00000000d5580000,0x00000000d5a80000)
  from space 1024K, 71% used [0x00000000d5c00000,0x00000000d5cb84b0,0x00000000d5d00000)
  to   space 1024K, 0% used [0x00000000d5b00000,0x00000000d5b00000,0x00000000d5c00000)
 ParOldGen       total 180224K, used 168261K [0x0000000080000000, 0x000000008b000000, 0x00000000d5580000)
  object space 180224K, 93% used [0x0000000080000000,0x000000008a4515e8,0x000000008b000000)
 Metaspace       used 60225K, committed 61696K, reserved 1114112K
  class space    used 6637K, committed 7296K, reserved 1048576K
}
Event: 62.040 GC heap before
{Heap before GC invocations=98 (full 3):
 PSYoungGen      total 6144K, used 5857K [0x00000000d5580000, 0x00000000d5d00000, 0x0000000100000000)
  eden space 5120K, 100% used [0x00000000d5580000,0x00000000d5a80000,0x00000000d5a80000)
  from space 1024K, 71% used [0x00000000d5c00000,0x00000000d5cb84b0,0x00000000d5d00000)
  to   space 1024K, 0% used [0x00000000d5b00000,0x00000000d5b00000,0x00000000d5c00000)
 ParOldGen       total 180224K, used 168261K [0x0000000080000000, 0x000000008b000000, 0x00000000d5580000)
  object space 180224K, 93% used [0x0000000080000000,0x000000008a4515e8,0x000000008b000000)
 Metaspace       used 60343K, committed 61824K, reserved 1114112K
  class space    used 6649K, committed 7296K, reserved 1048576K
}
Event: 62.041 GC heap after
{Heap after GC invocations=98 (full 3):
 PSYoungGen      total 6144K, used 1013K [0x00000000d5580000, 0x00000000d5e80000, 0x0000000100000000)
  eden space 5120K, 0% used [0x00000000d5580000,0x00000000d5580000,0x00000000d5a80000)
  from space 1024K, 98% used [0x00000000d5b00000,0x00000000d5bfd558,0x00000000d5c00000)
  to   space 2048K, 0% used [0x00000000d5c80000,0x00000000d5c80000,0x00000000d5e80000)
 ParOldGen       total 180224K, used 168863K [0x0000000080000000, 0x000000008b000000, 0x00000000d5580000)
  object space 180224K, 93% used [0x0000000080000000,0x000000008a4e7f98,0x000000008b000000)
 Metaspace       used 60343K, committed 61824K, reserved 1114112K
  class space    used 6649K, committed 7296K, reserved 1048576K
}

